0 info it worked if it ends with ok
1 verbose cli [ '/usr/local/bin/node',
1 verbose cli   '/opt/node-v7.3.0-linux-x64/bin/npm',
1 verbose cli   'start' ]
2 info using npm@3.10.10
3 info using node@v7.3.0
4 verbose stack Error: ENOENT: no such file or directory, open '/home/xavier/Documents/git-repository/react-tutos/package.json'
5 verbose cwd /home/xavier/Documents/git-repository/react-tutos
6 error Linux 4.8.15-200.fc24.x86_64
7 error argv "/usr/local/bin/node" "/opt/node-v7.3.0-linux-x64/bin/npm" "start"
8 error node v7.3.0
9 error npm  v3.10.10
10 error path /home/xavier/Documents/git-repository/react-tutos/package.json
11 error code ENOENT
12 error errno -2
13 error syscall open
14 error enoent ENOENT: no such file or directory, open '/home/xavier/Documents/git-repository/react-tutos/package.json'
15 error enoent ENOENT: no such file or directory, open '/home/xavier/Documents/git-repository/react-tutos/package.json'
15 error enoent This is most likely not a problem with npm itself
15 error enoent and is related to npm not being able to find a file.
16 verbose exit [ -2, true ]
