0 info it worked if it ends with ok
1 verbose cli [ '/usr/local/bin/node',
1 verbose cli   '/opt/node-v7.3.0-linux-x64/bin/npm',
1 verbose cli   'start' ]
2 info using npm@3.10.10
3 info using node@v7.3.0
4 verbose run-script [ 'prestart', 'start', 'poststart' ]
5 info lifecycle router@1.0.0~prestart: router@1.0.0
6 silly lifecycle router@1.0.0~prestart: no script for prestart, continuing
7 info lifecycle router@1.0.0~start: router@1.0.0
8 verbose lifecycle router@1.0.0~start: unsafe-perm in lifecycle true
9 verbose lifecycle router@1.0.0~start: PATH: /opt/node-v7.3.0-linux-x64/lib/node_modules/npm/bin/node-gyp-bin:/home/xavier/Documents/git-repository/react-tutos/router/node_modules/.bin:/usr/local/sbin:/usr/local/bin:/usr/sbin:/usr/bin:/root/bin
10 verbose lifecycle router@1.0.0~start: CWD: /home/xavier/Documents/git-repository/react-tutos/router
11 silly lifecycle router@1.0.0~start: Args: [ '-c',
11 silly lifecycle   'webpack-dev-server --config webpack-dev-server.config.js --progress --inline --colors' ]
12 silly lifecycle router@1.0.0~start: Returned: code: 1  signal: null
13 info lifecycle router@1.0.0~start: Failed to exec start script
14 verbose stack Error: router@1.0.0 start: `webpack-dev-server --config webpack-dev-server.config.js --progress --inline --colors`
14 verbose stack Exit status 1
14 verbose stack     at EventEmitter.<anonymous> (/opt/node-v7.3.0-linux-x64/lib/node_modules/npm/lib/utils/lifecycle.js:255:16)
14 verbose stack     at emitTwo (events.js:106:13)
14 verbose stack     at EventEmitter.emit (events.js:191:7)
14 verbose stack     at ChildProcess.<anonymous> (/opt/node-v7.3.0-linux-x64/lib/node_modules/npm/lib/utils/spawn.js:40:14)
14 verbose stack     at emitTwo (events.js:106:13)
14 verbose stack     at ChildProcess.emit (events.js:191:7)
14 verbose stack     at maybeClose (internal/child_process.js:885:16)
14 verbose stack     at Process.ChildProcess._handle.onexit (internal/child_process.js:226:5)
15 verbose pkgid router@1.0.0
16 verbose cwd /home/xavier/Documents/git-repository/react-tutos/router
17 error Linux 4.8.15-200.fc24.x86_64
18 error argv "/usr/local/bin/node" "/opt/node-v7.3.0-linux-x64/bin/npm" "start"
19 error node v7.3.0
20 error npm  v3.10.10
21 error code ELIFECYCLE
22 error router@1.0.0 start: `webpack-dev-server --config webpack-dev-server.config.js --progress --inline --colors`
22 error Exit status 1
23 error Failed at the router@1.0.0 start script 'webpack-dev-server --config webpack-dev-server.config.js --progress --inline --colors'.
23 error Make sure you have the latest version of node.js and npm installed.
23 error If you do, this is most likely a problem with the router package,
23 error not with npm itself.
23 error Tell the author that this fails on your system:
23 error     webpack-dev-server --config webpack-dev-server.config.js --progress --inline --colors
23 error You can get information on how to open an issue for this project with:
23 error     npm bugs router
23 error Or if that isn't available, you can get their info via:
23 error     npm owner ls router
23 error There is likely additional logging output above.
24 verbose exit [ 1, true ]
